[DEBUG] 2022-10-10 15:43:43.626 [main] IntegratorServiceImpl - Adding Integrator [org.hibernate.cfg.beanvalidation.BeanValidationIntegrator].
[DEBUG] 2022-10-10 15:43:43.629 [main] IntegratorServiceImpl - Adding Integrator [org.hibernate.secure.spi.JaccIntegrator].
[DEBUG] 2022-10-10 15:43:43.635 [main] IntegratorServiceImpl - Adding Integrator [org.hibernate.cache.internal.CollectionCacheInvalidator].
[INFO ] 2022-10-10 15:43:43.781 [main] Version - HHH000412: Hibernate Core {5.4.4.Final}
[DEBUG] 2022-10-10 15:43:43.785 [main] Environment - HHH000206: hibernate.properties not found
[DEBUG] 2022-10-10 15:43:44.298 [main] LocalXmlResourceResolver - Interpreting public/system identifier : [-//Hibernate/Hibernate Configuration DTD//EN] - [http://www.hibernate.org/dtd/hibernate-configuration-3.0.dtd]
[DEBUG] 2022-10-10 15:43:44.299 [main] LocalXmlResourceResolver - Recognized hibernate-configuration identifier; attempting to resolve on classpath under org/hibernate/
[DEBUG] 2022-10-10 15:43:44.317 [main] JaxbCfgProcessor - cfg.xml document did not define namespaces; wrapping in custom event reader to introduce namespace information
[DEBUG] 2022-10-10 15:43:44.974 [main] ServiceBinding - Overriding existing service binding [org.hibernate.secure.spi.JaccService]
[DEBUG] 2022-10-10 15:43:45.009 [main] RegionFactoryInitiator - Cannot default RegionFactory based on registered strategies as `[]` RegionFactory strategies were registered
[DEBUG] 2022-10-10 15:43:45.010 [main] RegionFactoryInitiator - Cache region factory : org.hibernate.cache.internal.NoCachingRegionFactory
[INFO ] 2022-10-10 15:43:45.058 [main] Version - HCANN000001: Hibernate Commons Annotations {5.1.0.Final}
[DEBUG] 2022-10-10 15:43:45.126 [main] BasicTypeRegistry - Adding type registration boolean -> org.hibernate.type.BooleanType@7a1f45ed
[DEBUG] 2022-10-10 15:43:45.126 [main] BasicTypeRegistry - Adding type registration boolean -> org.hibernate.type.BooleanType@7a1f45ed
[DEBUG] 2022-10-10 15:43:45.126 [main] BasicTypeRegistry - Adding type registration java.lang.Boolean -> org.hibernate.type.BooleanType@7a1f45ed
[DEBUG] 2022-10-10 15:43:45.126 [main] BasicTypeRegistry - Adding type registration numeric_boolean -> org.hibernate.type.NumericBooleanType@1c6c6f24
[DEBUG] 2022-10-10 15:43:45.127 [main] BasicTypeRegistry - Adding type registration true_false -> org.hibernate.type.TrueFalseType@ca93621
[DEBUG] 2022-10-10 15:43:45.128 [main] BasicTypeRegistry - Adding type registration yes_no -> org.hibernate.type.YesNoType@12ffd1de
[DEBUG] 2022-10-10 15:43:45.129 [main] BasicTypeRegistry - Adding type registration byte -> org.hibernate.type.ByteType@1e530163
[DEBUG] 2022-10-10 15:43:45.130 [main] BasicTypeRegistry - Adding type registration byte -> org.hibernate.type.ByteType@1e530163
[DEBUG] 2022-10-10 15:43:45.130 [main] BasicTypeRegistry - Adding type registration java.lang.Byte -> org.hibernate.type.ByteType@1e530163
[DEBUG] 2022-10-10 15:43:45.130 [main] BasicTypeRegistry - Adding type registration character -> org.hibernate.type.CharacterType@23706db8
[DEBUG] 2022-10-10 15:43:45.131 [main] BasicTypeRegistry - Adding type registration char -> org.hibernate.type.CharacterType@23706db8
[DEBUG] 2022-10-10 15:43:45.131 [main] BasicTypeRegistry - Adding type registration java.lang.Character -> org.hibernate.type.CharacterType@23706db8
[DEBUG] 2022-10-10 15:43:45.138 [main] BasicTypeRegistry - Adding type registration short -> org.hibernate.type.ShortType@7bca6fac
[DEBUG] 2022-10-10 15:43:45.138 [main] BasicTypeRegistry - Adding type registration short -> org.hibernate.type.ShortType@7bca6fac
[DEBUG] 2022-10-10 15:43:45.139 [main] BasicTypeRegistry - Adding type registration java.lang.Short -> org.hibernate.type.ShortType@7bca6fac
[DEBUG] 2022-10-10 15:43:45.139 [main] BasicTypeRegistry - Adding type registration integer -> org.hibernate.type.IntegerType@31d6f3fe
[DEBUG] 2022-10-10 15:43:45.142 [main] BasicTypeRegistry - Adding type registration int -> org.hibernate.type.IntegerType@31d6f3fe
[DEBUG] 2022-10-10 15:43:45.143 [main] BasicTypeRegistry - Adding type registration java.lang.Integer -> org.hibernate.type.IntegerType@31d6f3fe
[DEBUG] 2022-10-10 15:43:45.144 [main] BasicTypeRegistry - Adding type registration long -> org.hibernate.type.LongType@165e389b
[DEBUG] 2022-10-10 15:43:45.144 [main] BasicTypeRegistry - Adding type registration long -> org.hibernate.type.LongType@165e389b
[DEBUG] 2022-10-10 15:43:45.144 [main] BasicTypeRegistry - Adding type registration java.lang.Long -> org.hibernate.type.LongType@165e389b
[DEBUG] 2022-10-10 15:43:45.145 [main] BasicTypeRegistry - Adding type registration float -> org.hibernate.type.FloatType@71f0b72e
[DEBUG] 2022-10-10 15:43:45.148 [main] BasicTypeRegistry - Adding type registration float -> org.hibernate.type.FloatType@71f0b72e
[DEBUG] 2022-10-10 15:43:45.149 [main] BasicTypeRegistry - Adding type registration java.lang.Float -> org.hibernate.type.FloatType@71f0b72e
[DEBUG] 2022-10-10 15:43:45.150 [main] BasicTypeRegistry - Adding type registration double -> org.hibernate.type.DoubleType@3681037
[DEBUG] 2022-10-10 15:43:45.151 [main] BasicTypeRegistry - Adding type registration double -> org.hibernate.type.DoubleType@3681037
[DEBUG] 2022-10-10 15:43:45.151 [main] BasicTypeRegistry - Adding type registration java.lang.Double -> org.hibernate.type.DoubleType@3681037
[DEBUG] 2022-10-10 15:43:45.151 [main] BasicTypeRegistry - Adding type registration big_decimal -> org.hibernate.type.BigDecimalType@4f3e7344
[DEBUG] 2022-10-10 15:43:45.152 [main] BasicTypeRegistry - Adding type registration java.math.BigDecimal -> org.hibernate.type.BigDecimalType@4f3e7344
[DEBUG] 2022-10-10 15:43:45.153 [main] BasicTypeRegistry - Adding type registration big_integer -> org.hibernate.type.BigIntegerType@782bf610
[DEBUG] 2022-10-10 15:43:45.153 [main] BasicTypeRegistry - Adding type registration java.math.BigInteger -> org.hibernate.type.BigIntegerType@782bf610
[DEBUG] 2022-10-10 15:43:45.154 [main] BasicTypeRegistry - Adding type registration string -> org.hibernate.type.StringType@10895b16
[DEBUG] 2022-10-10 15:43:45.154 [main] BasicTypeRegistry - Adding type registration java.lang.String -> org.hibernate.type.StringType@10895b16
[DEBUG] 2022-10-10 15:43:45.154 [main] BasicTypeRegistry - Adding type registration nstring -> org.hibernate.type.StringNVarcharType@149c3204
[DEBUG] 2022-10-10 15:43:45.155 [main] BasicTypeRegistry - Adding type registration ncharacter -> org.hibernate.type.CharacterNCharType@4e6f2bb5
[DEBUG] 2022-10-10 15:43:45.156 [main] BasicTypeRegistry - Adding type registration url -> org.hibernate.type.UrlType@6cd166b8
[DEBUG] 2022-10-10 15:43:45.156 [main] BasicTypeRegistry - Adding type registration java.net.URL -> org.hibernate.type.UrlType@6cd166b8
[DEBUG] 2022-10-10 15:43:45.156 [main] BasicTypeRegistry - Adding type registration Duration -> org.hibernate.type.DurationType@3abfe845
[DEBUG] 2022-10-10 15:43:45.156 [main] BasicTypeRegistry - Adding type registration java.time.Duration -> org.hibernate.type.DurationType@3abfe845
[DEBUG] 2022-10-10 15:43:45.168 [main] BasicTypeRegistry - Adding type registration Instant -> org.hibernate.type.InstantType@61f39bb
[DEBUG] 2022-10-10 15:43:45.169 [main] BasicTypeRegistry - Adding type registration java.time.Instant -> org.hibernate.type.InstantType@61f39bb
[DEBUG] 2022-10-10 15:43:45.171 [main] BasicTypeRegistry - Adding type registration LocalDateTime -> org.hibernate.type.LocalDateTimeType@4d654825
[DEBUG] 2022-10-10 15:43:45.171 [main] BasicTypeRegistry - Adding type registration java.time.LocalDateTime -> org.hibernate.type.LocalDateTimeType@4d654825
[DEBUG] 2022-10-10 15:43:45.171 [main] BasicTypeRegistry - Adding type registration LocalDate -> org.hibernate.type.LocalDateType@b0fc838
[DEBUG] 2022-10-10 15:43:45.174 [main] BasicTypeRegistry - Adding type registration java.time.LocalDate -> org.hibernate.type.LocalDateType@b0fc838
[DEBUG] 2022-10-10 15:43:45.175 [main] BasicTypeRegistry - Adding type registration LocalTime -> org.hibernate.type.LocalTimeType@2954b5ea
[DEBUG] 2022-10-10 15:43:45.175 [main] BasicTypeRegistry - Adding type registration java.time.LocalTime -> org.hibernate.type.LocalTimeType@2954b5ea
[DEBUG] 2022-10-10 15:43:45.177 [main] BasicTypeRegistry - Adding type registration OffsetDateTime -> org.hibernate.type.OffsetDateTimeType@3ab6678b
[DEBUG] 2022-10-10 15:43:45.177 [main] BasicTypeRegistry - Adding type registration java.time.OffsetDateTime -> org.hibernate.type.OffsetDateTimeType@3ab6678b
[DEBUG] 2022-10-10 15:43:45.179 [main] BasicTypeRegistry - Adding type registration OffsetTime -> org.hibernate.type.OffsetTimeType@642505c7
[DEBUG] 2022-10-10 15:43:45.179 [main] BasicTypeRegistry - Adding type registration java.time.OffsetTime -> org.hibernate.type.OffsetTimeType@642505c7
[DEBUG] 2022-10-10 15:43:45.181 [main] BasicTypeRegistry - Adding type registration ZonedDateTime -> org.hibernate.type.ZonedDateTimeType@715d6168
[DEBUG] 2022-10-10 15:43:45.181 [main] BasicTypeRegistry - Adding type registration java.time.ZonedDateTime -> org.hibernate.type.ZonedDateTimeType@715d6168
[DEBUG] 2022-10-10 15:43:45.183 [main] BasicTypeRegistry - Adding type registration date -> org.hibernate.type.DateType@acdcf71
[DEBUG] 2022-10-10 15:43:45.183 [main] BasicTypeRegistry - Adding type registration java.sql.Date -> org.hibernate.type.DateType@acdcf71
[DEBUG] 2022-10-10 15:43:45.186 [main] BasicTypeRegistry - Adding type registration time -> org.hibernate.type.TimeType@37b57b54
[DEBUG] 2022-10-10 15:43:45.186 [main] BasicTypeRegistry - Adding type registration java.sql.Time -> org.hibernate.type.TimeType@37b57b54
[DEBUG] 2022-10-10 15:43:45.187 [main] BasicTypeRegistry - Adding type registration timestamp -> org.hibernate.type.TimestampType@16872c4d
[DEBUG] 2022-10-10 15:43:45.187 [main] BasicTypeRegistry - Adding type registration java.sql.Timestamp -> org.hibernate.type.TimestampType@16872c4d
[DEBUG] 2022-10-10 15:43:45.187 [main] BasicTypeRegistry - Adding type registration java.util.Date -> org.hibernate.type.TimestampType@16872c4d
[DEBUG] 2022-10-10 15:43:45.194 [main] BasicTypeRegistry - Adding type registration dbtimestamp -> org.hibernate.type.DbTimestampType@3a01773b
[DEBUG] 2022-10-10 15:43:45.195 [main] BasicTypeRegistry - Adding type registration calendar -> org.hibernate.type.CalendarType@7b7683d4
[DEBUG] 2022-10-10 15:43:45.195 [main] BasicTypeRegistry - Adding type registration java.util.Calendar -> org.hibernate.type.CalendarType@7b7683d4
[DEBUG] 2022-10-10 15:43:45.195 [main] BasicTypeRegistry - Adding type registration java.util.GregorianCalendar -> org.hibernate.type.CalendarType@7b7683d4
[DEBUG] 2022-10-10 15:43:45.197 [main] BasicTypeRegistry - Adding type registration calendar_date -> org.hibernate.type.CalendarDateType@3f92a84e
[DEBUG] 2022-10-10 15:43:45.198 [main] BasicTypeRegistry - Adding type registration locale -> org.hibernate.type.LocaleType@5fcfca62
[DEBUG] 2022-10-10 15:43:45.198 [main] BasicTypeRegistry - Adding type registration java.util.Locale -> org.hibernate.type.LocaleType@5fcfca62
[DEBUG] 2022-10-10 15:43:45.202 [main] BasicTypeRegistry - Adding type registration currency -> org.hibernate.type.CurrencyType@5b051a5c
[DEBUG] 2022-10-10 15:43:45.205 [main] BasicTypeRegistry - Adding type registration java.util.Currency -> org.hibernate.type.CurrencyType@5b051a5c
[DEBUG] 2022-10-10 15:43:45.206 [main] BasicTypeRegistry - Adding type registration timezone -> org.hibernate.type.TimeZoneType@10641c09
[DEBUG] 2022-10-10 15:43:45.206 [main] BasicTypeRegistry - Adding type registration java.util.TimeZone -> org.hibernate.type.TimeZoneType@10641c09
[DEBUG] 2022-10-10 15:43:45.207 [main] BasicTypeRegistry - Adding type registration class -> org.hibernate.type.ClassType@764cba
[DEBUG] 2022-10-10 15:43:45.209 [main] BasicTypeRegistry - Adding type registration java.lang.Class -> org.hibernate.type.ClassType@764cba
[DEBUG] 2022-10-10 15:43:45.210 [main] BasicTypeRegistry - Adding type registration uuid-binary -> org.hibernate.type.UUIDBinaryType@144ab54
[DEBUG] 2022-10-10 15:43:45.210 [main] BasicTypeRegistry - Adding type registration java.util.UUID -> org.hibernate.type.UUIDBinaryType@144ab54
[DEBUG] 2022-10-10 15:43:45.211 [main] BasicTypeRegistry - Adding type registration uuid-char -> org.hibernate.type.UUIDCharType@6c518474
[DEBUG] 2022-10-10 15:43:45.216 [main] BasicTypeRegistry - Adding type registration binary -> org.hibernate.type.BinaryType@64524dd
[DEBUG] 2022-10-10 15:43:45.216 [main] BasicTypeRegistry - Adding type registration byte[] -> org.hibernate.type.BinaryType@64524dd
[DEBUG] 2022-10-10 15:43:45.216 [main] BasicTypeRegistry - Adding type registration [B -> org.hibernate.type.BinaryType@64524dd
[DEBUG] 2022-10-10 15:43:45.221 [main] BasicTypeRegistry - Adding type registration wrapper-binary -> org.hibernate.type.WrapperBinaryType@70f822e
[DEBUG] 2022-10-10 15:43:45.222 [main] BasicTypeRegistry - Adding type registration Byte[] -> org.hibernate.type.WrapperBinaryType@70f822e
[DEBUG] 2022-10-10 15:43:45.222 [main] BasicTypeRegistry - Adding type registration [Ljava.lang.Byte; -> org.hibernate.type.WrapperBinaryType@70f822e
[DEBUG] 2022-10-10 15:43:45.223 [main] BasicTypeRegistry - Adding type registration row_version -> org.hibernate.type.RowVersionType@1aa6e3c0
[DEBUG] 2022-10-10 15:43:45.223 [main] BasicTypeRegistry - Adding type registration image -> org.hibernate.type.ImageType@65f2f9b0
[DEBUG] 2022-10-10 15:43:45.227 [main] BasicTypeRegistry - Adding type registration characters -> org.hibernate.type.CharArrayType@38fc5554
[DEBUG] 2022-10-10 15:43:45.227 [main] BasicTypeRegistry - Adding type registration char[] -> org.hibernate.type.CharArrayType@38fc5554
[DEBUG] 2022-10-10 15:43:45.228 [main] BasicTypeRegistry - Adding type registration [C -> org.hibernate.type.CharArrayType@38fc5554
[DEBUG] 2022-10-10 15:43:45.230 [main] BasicTypeRegistry - Adding type registration wrapper-characters -> org.hibernate.type.CharacterArrayType@4d1f1ff5
[DEBUG] 2022-10-10 15:43:45.230 [main] BasicTypeRegistry - Adding type registration [Ljava.lang.Character; -> org.hibernate.type.CharacterArrayType@4d1f1ff5
[DEBUG] 2022-10-10 15:43:45.231 [main] BasicTypeRegistry - Adding type registration Character[] -> org.hibernate.type.CharacterArrayType@4d1f1ff5
[DEBUG] 2022-10-10 15:43:45.231 [main] BasicTypeRegistry - Adding type registration text -> org.hibernate.type.TextType@61a1ea2c
[DEBUG] 2022-10-10 15:43:45.232 [main] BasicTypeRegistry - Adding type registration ntext -> org.hibernate.type.NTextType@3ae9d1e2
[DEBUG] 2022-10-10 15:43:45.237 [main] BasicTypeRegistry - Adding type registration blob -> org.hibernate.type.BlobType@7d199c68
[DEBUG] 2022-10-10 15:43:45.237 [main] BasicTypeRegistry - Adding type registration java.sql.Blob -> org.hibernate.type.BlobType@7d199c68
[DEBUG] 2022-10-10 15:43:45.241 [main] BasicTypeRegistry - Adding type registration materialized_blob -> org.hibernate.type.MaterializedBlobType@216914
[DEBUG] 2022-10-10 15:43:45.243 [main] BasicTypeRegistry - Adding type registration clob -> org.hibernate.type.ClobType@408e96d9
[DEBUG] 2022-10-10 15:43:45.243 [main] BasicTypeRegistry - Adding type registration java.sql.Clob -> org.hibernate.type.ClobType@408e96d9
[DEBUG] 2022-10-10 15:43:45.246 [main] BasicTypeRegistry - Adding type registration nclob -> org.hibernate.type.NClobType@b835727
[DEBUG] 2022-10-10 15:43:45.246 [main] BasicTypeRegistry - Adding type registration java.sql.NClob -> org.hibernate.type.NClobType@b835727
[DEBUG] 2022-10-10 15:43:45.246 [main] BasicTypeRegistry - Adding type registration materialized_clob -> org.hibernate.type.MaterializedClobType@3724b43e
[DEBUG] 2022-10-10 15:43:45.247 [main] BasicTypeRegistry - Adding type registration materialized_nclob -> org.hibernate.type.MaterializedNClobType@238bfd6c
[DEBUG] 2022-10-10 15:43:45.252 [main] BasicTypeRegistry - Adding type registration serializable -> org.hibernate.type.SerializableType@790a251b
[DEBUG] 2022-10-10 15:43:45.260 [main] BasicTypeRegistry - Adding type registration object -> org.hibernate.type.ObjectType@bfc14b9
[DEBUG] 2022-10-10 15:43:45.260 [main] BasicTypeRegistry - Adding type registration java.lang.Object -> org.hibernate.type.ObjectType@bfc14b9
[DEBUG] 2022-10-10 15:43:45.260 [main] BasicTypeRegistry - Adding type registration imm_date -> org.hibernate.type.AdaptedImmutableType@6a9b9909
[DEBUG] 2022-10-10 15:43:45.261 [main] BasicTypeRegistry - Adding type registration imm_time -> org.hibernate.type.AdaptedImmutableType@55d9b8f0
[DEBUG] 2022-10-10 15:43:45.261 [main] BasicTypeRegistry - Adding type registration imm_timestamp -> org.hibernate.type.AdaptedImmutableType@a518813
[DEBUG] 2022-10-10 15:43:45.261 [main] BasicTypeRegistry - Adding type registration imm_dbtimestamp -> org.hibernate.type.AdaptedImmutableType@43d38654
[DEBUG] 2022-10-10 15:43:45.261 [main] BasicTypeRegistry - Adding type registration imm_calendar -> org.hibernate.type.AdaptedImmutableType@75361cf6
[DEBUG] 2022-10-10 15:43:45.261 [main] BasicTypeRegistry - Adding type registration imm_calendar_date -> org.hibernate.type.AdaptedImmutableType@6d303498
[DEBUG] 2022-10-10 15:43:45.261 [main] BasicTypeRegistry - Adding type registration imm_binary -> org.hibernate.type.AdaptedImmutableType@6ba7383d
[DEBUG] 2022-10-10 15:43:45.268 [main] BasicTypeRegistry - Adding type registration imm_serializable -> org.hibernate.type.AdaptedImmutableType@3419e23b
[DEBUG] 2022-10-10 15:43:45.333 [main] DefaultIdentifierGeneratorFactory - Registering IdentifierGenerator strategy [uuid2] -> [org.hibernate.id.UUIDGenerator]
[DEBUG] 2022-10-10 15:43:45.335 [main] DefaultIdentifierGeneratorFactory - Registering IdentifierGenerator strategy [guid] -> [org.hibernate.id.GUIDGenerator]
[DEBUG] 2022-10-10 15:43:45.336 [main] DefaultIdentifierGeneratorFactory - Registering IdentifierGenerator strategy [uuid] -> [org.hibernate.id.UUIDHexGenerator]
[DEBUG] 2022-10-10 15:43:45.336 [main] DefaultIdentifierGeneratorFactory - Registering IdentifierGenerator strategy [uuid.hex] -> [org.hibernate.id.UUIDHexGenerator]
[DEBUG] 2022-10-10 15:43:45.336 [main] DefaultIdentifierGeneratorFactory - Registering IdentifierGenerator strategy [assigned] -> [org.hibernate.id.Assigned]
[DEBUG] 2022-10-10 15:43:45.338 [main] DefaultIdentifierGeneratorFactory - Registering IdentifierGenerator strategy [identity] -> [org.hibernate.id.IdentityGenerator]
[DEBUG] 2022-10-10 15:43:45.338 [main] DefaultIdentifierGeneratorFactory - Registering IdentifierGenerator strategy [select] -> [org.hibernate.id.SelectGenerator]
[DEBUG] 2022-10-10 15:43:45.343 [main] DefaultIdentifierGeneratorFactory - Registering IdentifierGenerator strategy [sequence] -> [org.hibernate.id.enhanced.SequenceStyleGenerator]
[DEBUG] 2022-10-10 15:43:45.345 [main] DefaultIdentifierGeneratorFactory - Registering IdentifierGenerator strategy [seqhilo] -> [org.hibernate.id.SequenceHiLoGenerator]
[DEBUG] 2022-10-10 15:43:45.346 [main] DefaultIdentifierGeneratorFactory - Registering IdentifierGenerator strategy [increment] -> [org.hibernate.id.IncrementGenerator]
[DEBUG] 2022-10-10 15:43:45.350 [main] DefaultIdentifierGeneratorFactory - Registering IdentifierGenerator strategy [foreign] -> [org.hibernate.id.ForeignGenerator]
[DEBUG] 2022-10-10 15:43:45.350 [main] DefaultIdentifierGeneratorFactory - Registering IdentifierGenerator strategy [sequence-identity] -> [org.hibernate.id.SequenceIdentityGenerator]
[DEBUG] 2022-10-10 15:43:45.351 [main] DefaultIdentifierGeneratorFactory - Registering IdentifierGenerator strategy [enhanced-sequence] -> [org.hibernate.id.enhanced.SequenceStyleGenerator]
[DEBUG] 2022-10-10 15:43:45.352 [main] DefaultIdentifierGeneratorFactory - Registering IdentifierGenerator strategy [enhanced-table] -> [org.hibernate.id.enhanced.TableGenerator]
[INFO ] 2022-10-10 15:43:45.365 [main] C3P0ConnectionProvider - HHH010002: C3P0 using driver: com.mysql.cj.jdbc.Driver at URL: jdbc:mysql://localhost:3306/live_odds
[INFO ] 2022-10-10 15:43:45.373 [main] C3P0ConnectionProvider - HHH10001001: Connection properties: {password=****, user=root}
[INFO ] 2022-10-10 15:43:45.374 [main] C3P0ConnectionProvider - HHH10001003: Autocommit mode: false
[INFO ] 2022-10-10 15:43:45.668 [main] C3P0ConnectionProvider - HHH10001007: JDBC isolation level: <unknown>
[DEBUG] 2022-10-10 15:43:45.904 [main] JdbcEnvironmentInitiator - Database ->
       name : MySQL
    version : 8.0.30
      major : 8
      minor : 0
[DEBUG] 2022-10-10 15:43:45.905 [main] JdbcEnvironmentInitiator - Driver ->
       name : MySQL Connector/J
    version : mysql-connector-java-8.0.16 (Revision: 34cbc6bc61f72836e26327537a432d6db7c77de6)
      major : 8
      minor : 0
[DEBUG] 2022-10-10 15:43:45.905 [main] JdbcEnvironmentInitiator - JDBC version : 4.2
[INFO ] 2022-10-10 15:43:45.992 [main] Dialect - HHH000400: Using dialect: org.hibernate.dialect.MySQL8Dialect
[DEBUG] 2022-10-10 15:43:46.028 [main] IdentifierHelperBuilder - JDBC driver metadata reported database stores quoted identifiers in more than one case
[DEBUG] 2022-10-10 15:43:46.109 [main] IdentifierHelperBuilder - IdentifierCaseStrategy for both quoted and unquoted identifiers was set to the same strategy [MIXED]; that will likely lead to problems in schema update and validation if using quoted identifiers
[DEBUG] 2022-10-10 15:43:46.189 [main] Namespace - Created database namespace [logicalName=Name{catalog=null, schema=null}, physicalName=Name{catalog=null, schema=null}]
[DEBUG] 2022-10-10 15:43:46.201 [main] TypeConfiguration$Scope - Scoping TypeConfiguration [org.hibernate.type.spi.TypeConfiguration@5e922647] to MetadataBuildingContext [org.hibernate.boot.internal.MetadataBuildingContextRootImpl@433c6abb]
[DEBUG] 2022-10-10 15:43:46.349 [main] AnnotationBinder - Binding entity from annotated class: com.liveodds.entity.User
[DEBUG] 2022-10-10 15:43:46.407 [main] Ejb3Column - Binding column: Ejb3DiscriminatorColumn{logicalColumnName'DTYPE', discriminatorTypeName='string'}
[DEBUG] 2022-10-10 15:43:46.417 [main] EntityBinder - Import with entity name User
[DEBUG] 2022-10-10 15:43:46.420 [main] EntityBinder - Bind entity com.liveodds.entity.User on table user
[DEBUG] 2022-10-10 15:43:46.483 [main] Ejb3Column - Binding column: Ejb3Column{table=org.hibernate.mapping.Table(user), mappingColumn=id, insertable=true, updatable=true, unique=false}
[DEBUG] 2022-10-10 15:43:46.490 [main] PropertyBinder - MetadataSourceProcessor property id with lazy=false
[DEBUG] 2022-10-10 15:43:46.495 [main] AbstractPropertyHolder - Attempting to locate auto-apply AttributeConverter for property [com.liveodds.entity.User:id]
[DEBUG] 2022-10-10 15:43:46.501 [main] SimpleValueBinder - building SimpleValue for id
[DEBUG] 2022-10-10 15:43:46.503 [main] PropertyBinder - Building property id
[DEBUG] 2022-10-10 15:43:46.512 [main] BinderHelper - #makeIdGenerator(org.hibernate.mapping.SimpleValue([org.hibernate.mapping.Column(id)]), id, org.hibernate.id.enhanced.SequenceStyleGenerator, native, ...)
[DEBUG] 2022-10-10 15:43:46.517 [main] Ejb3Column - Binding column: Ejb3Column{table=org.hibernate.mapping.Table(user), mappingColumn=Age, insertable=true, updatable=true, unique=false}
[DEBUG] 2022-10-10 15:43:46.520 [main] PropertyBinder - MetadataSourceProcessor property age with lazy=false
[DEBUG] 2022-10-10 15:43:46.520 [main] AbstractPropertyHolder - Attempting to locate auto-apply AttributeConverter for property [com.liveodds.entity.User:age]
[DEBUG] 2022-10-10 15:43:46.520 [main] SimpleValueBinder - building SimpleValue for age
[DEBUG] 2022-10-10 15:43:46.520 [main] PropertyBinder - Building property age
[DEBUG] 2022-10-10 15:43:46.520 [main] Ejb3Column - Binding column: Ejb3Column{table=org.hibernate.mapping.Table(user), mappingColumn=FirstName, insertable=true, updatable=true, unique=false}
[DEBUG] 2022-10-10 15:43:46.520 [main] PropertyBinder - MetadataSourceProcessor property firstName with lazy=false
[DEBUG] 2022-10-10 15:43:46.520 [main] AbstractPropertyHolder - Attempting to locate auto-apply AttributeConverter for property [com.liveodds.entity.User:firstName]
[DEBUG] 2022-10-10 15:43:46.520 [main] SimpleValueBinder - building SimpleValue for firstName
[DEBUG] 2022-10-10 15:43:46.521 [main] PropertyBinder - Building property firstName
[DEBUG] 2022-10-10 15:43:46.528 [main] Ejb3Column - Binding column: Ejb3Column{table=org.hibernate.mapping.Table(user), mappingColumn=LastName, insertable=true, updatable=true, unique=false}
[DEBUG] 2022-10-10 15:43:46.528 [main] PropertyBinder - MetadataSourceProcessor property lastName with lazy=false
[DEBUG] 2022-10-10 15:43:46.528 [main] AbstractPropertyHolder - Attempting to locate auto-apply AttributeConverter for property [com.liveodds.entity.User:lastName]
[DEBUG] 2022-10-10 15:43:46.529 [main] SimpleValueBinder - building SimpleValue for lastName
[DEBUG] 2022-10-10 15:43:46.529 [main] PropertyBinder - Building property lastName
[DEBUG] 2022-10-10 15:43:46.534 [main] Ejb3Column - Binding column: Ejb3JoinColumn{logicalColumnName='null', referencedColumn='null', mappedBy='user'}
[DEBUG] 2022-10-10 15:43:46.534 [main] Ejb3Column - Binding column: Ejb3Column{table=org.hibernate.mapping.Table(user), mappingColumn=teams, insertable=true, updatable=true, unique=false}
[DEBUG] 2022-10-10 15:43:46.544 [main] Ejb3Column - Binding column: Ejb3Column{table=org.hibernate.mapping.Table(user), mappingColumn=null, insertable=true, updatable=true, unique=false}
[DEBUG] 2022-10-10 15:43:46.566 [main] Ejb3Column - Binding column: Ejb3Column{table=org.hibernate.mapping.Table(user), mappingColumn=element, insertable=true, updatable=true, unique=false}
[DEBUG] 2022-10-10 15:43:46.567 [main] Ejb3Column - Binding column: Ejb3Column{table=org.hibernate.mapping.Table(user), mappingColumn=teams_KEY, insertable=true, updatable=true, unique=false}
[DEBUG] 2022-10-10 15:43:46.567 [main] Ejb3Column - Binding column: Ejb3JoinColumn{logicalColumnName='teams_KEY', referencedColumn='null', mappedBy='null'}
[DEBUG] 2022-10-10 15:43:46.568 [main] Ejb3Column - Binding column: Ejb3JoinColumn{logicalColumnName='null', referencedColumn='null', mappedBy='user'}
[DEBUG] 2022-10-10 15:43:46.568 [main] Ejb3Column - Binding column: Ejb3JoinColumn{logicalColumnName='null', referencedColumn='null', mappedBy='user'}
[DEBUG] 2022-10-10 15:43:46.573 [main] CollectionBinder - Collection role: com.liveodds.entity.User.teams
[DEBUG] 2022-10-10 15:43:46.575 [main] PropertyBinder - Building property teams
[DEBUG] 2022-10-10 15:43:46.576 [main] AnnotationBinder - Binding entity from annotated class: com.liveodds.entity.Team
[DEBUG] 2022-10-10 15:43:46.583 [main] Ejb3Column - Binding column: Ejb3DiscriminatorColumn{logicalColumnName'DTYPE', discriminatorTypeName='string'}
[DEBUG] 2022-10-10 15:43:46.583 [main] EntityBinder - Import with entity name Team
[DEBUG] 2022-10-10 15:43:46.584 [main] EntityBinder - Bind entity com.liveodds.entity.Team on table team
[DEBUG] 2022-10-10 15:43:46.590 [main] Ejb3Column - Binding column: Ejb3Column{table=org.hibernate.mapping.Table(team), mappingColumn=id, insertable=true, updatable=true, unique=false}
[DEBUG] 2022-10-10 15:43:46.590 [main] PropertyBinder - MetadataSourceProcessor property id with lazy=false
[DEBUG] 2022-10-10 15:43:46.591 [main] AbstractPropertyHolder - Attempting to locate auto-apply AttributeConverter for property [com.liveodds.entity.Team:id]
[DEBUG] 2022-10-10 15:43:46.591 [main] SimpleValueBinder - building SimpleValue for id
[DEBUG] 2022-10-10 15:43:46.591 [main] PropertyBinder - Building property id
[DEBUG] 2022-10-10 15:43:46.592 [main] BinderHelper - #makeIdGenerator(org.hibernate.mapping.SimpleValue([org.hibernate.mapping.Column(id)]), id, org.hibernate.id.enhanced.SequenceStyleGenerator, native, ...)
[DEBUG] 2022-10-10 15:43:46.592 [main] Ejb3Column - Binding column: Ejb3Column{table=org.hibernate.mapping.Table(team), mappingColumn=name, insertable=true, updatable=true, unique=false}
[DEBUG] 2022-10-10 15:43:46.592 [main] PropertyBinder - MetadataSourceProcessor property name with lazy=false
[DEBUG] 2022-10-10 15:43:46.594 [main] AbstractPropertyHolder - Attempting to locate auto-apply AttributeConverter for property [com.liveodds.entity.Team:name]
[DEBUG] 2022-10-10 15:43:46.595 [main] SimpleValueBinder - building SimpleValue for name
[DEBUG] 2022-10-10 15:43:46.595 [main] PropertyBinder - Building property name
[DEBUG] 2022-10-10 15:43:46.595 [main] Ejb3Column - Binding column: Ejb3JoinColumn{logicalColumnName='null', referencedColumn='null', mappedBy='null'}
[DEBUG] 2022-10-10 15:43:46.595 [main] Ejb3Column - Binding column: Ejb3Column{table=org.hibernate.mapping.Table(team), mappingColumn=user, insertable=true, updatable=true, unique=false}
[DEBUG] 2022-10-10 15:43:46.597 [main] PropertyBinder - Building property user
[DEBUG] 2022-10-10 15:43:46.602 [main] SimpleValueBinder - Starting fillSimpleValue for id
[DEBUG] 2022-10-10 15:43:46.602 [main] SimpleValueBinder - Starting fillSimpleValue for age
[DEBUG] 2022-10-10 15:43:46.602 [main] SimpleValueBinder - Starting fillSimpleValue for firstName
[DEBUG] 2022-10-10 15:43:46.602 [main] SimpleValueBinder - Starting fillSimpleValue for lastName
[DEBUG] 2022-10-10 15:43:46.602 [main] SimpleValueBinder - Starting fillSimpleValue for id
[DEBUG] 2022-10-10 15:43:46.602 [main] SimpleValueBinder - Starting fillSimpleValue for name
[DEBUG] 2022-10-10 15:43:46.612 [main] PrimaryKey - Forcing column [id] to be non-null as it is part of the primary key for table [user]
[DEBUG] 2022-10-10 15:43:46.612 [main] PrimaryKey - Forcing column [id] to be non-null as it is part of the primary key for table [team]
[DEBUG] 2022-10-10 15:43:46.612 [main] CollectionSecondPass - Second pass for collection: com.liveodds.entity.User.teams
[DEBUG] 2022-10-10 15:43:46.617 [main] CollectionBinder - Binding a OneToMany: com.liveodds.entity.User.teams through a foreign key
[DEBUG] 2022-10-10 15:43:46.618 [main] CollectionBinder - Mapping collection: com.liveodds.entity.User.teams -> team
[DEBUG] 2022-10-10 15:43:46.619 [main] TableBinder - Retrieving property com.liveodds.entity.Team.user
[DEBUG] 2022-10-10 15:43:46.619 [main] CollectionSecondPass - Mapped collection key: user_id, one-to-many: com.liveodds.entity.Team
[DEBUG] 2022-10-10 15:43:46.619 [main] InFlightMetadataCollectorImpl - Resolving reference to class: com.liveodds.entity.User
[DEBUG] 2022-10-10 15:43:46.622 [main] InFlightMetadataCollectorImpl - Resolving reference to class: com.liveodds.entity.User
[DEBUG] 2022-10-10 15:43:46.704 [main] SessionFactoryImpl - Building session factory
[DEBUG] 2022-10-10 15:43:46.707 [main] Settings - SessionFactory name : null
[DEBUG] 2022-10-10 15:43:46.708 [main] Settings - Automatic flush during beforeCompletion(): enabled
[DEBUG] 2022-10-10 15:43:46.708 [main] Settings - Automatic session close at end of transaction: disabled
[DEBUG] 2022-10-10 15:43:46.708 [main] Settings - Statistics: disabled
[DEBUG] 2022-10-10 15:43:46.708 [main] Settings - Deleted entity synthetic identifier rollback: disabled
[DEBUG] 2022-10-10 15:43:46.708 [main] Settings - Default entity-mode: pojo
[DEBUG] 2022-10-10 15:43:46.708 [main] Settings - Check Nullability in Core (should be disabled when Bean Validation is on): enabled
[DEBUG] 2022-10-10 15:43:46.708 [main] Settings - Allow initialization of lazy state outside session : disabled
[DEBUG] 2022-10-10 15:43:46.708 [main] Settings - Using BatchFetchStyle : LEGACY
[DEBUG] 2022-10-10 15:43:46.708 [main] Settings - Default batch fetch size: -1
[DEBUG] 2022-10-10 15:43:46.708 [main] Settings - Maximum outer join fetch depth: 2
[DEBUG] 2022-10-10 15:43:46.708 [main] Settings - Default null ordering: NONE
[DEBUG] 2022-10-10 15:43:46.709 [main] Settings - Order SQL updates by primary key: disabled
[DEBUG] 2022-10-10 15:43:46.709 [main] Settings - Order SQL inserts for batching: disabled
[DEBUG] 2022-10-10 15:43:46.709 [main] Settings - multi-tenancy strategy : NONE
[DEBUG] 2022-10-10 15:43:46.709 [main] Settings - JTA Track by Thread: enabled
[DEBUG] 2022-10-10 15:43:46.709 [main] Settings - Query language substitutions: {}
[DEBUG] 2022-10-10 15:43:46.709 [main] Settings - Named query checking : enabled
[DEBUG] 2022-10-10 15:43:46.711 [main] Settings - Second-level cache: disabled
[DEBUG] 2022-10-10 15:43:46.712 [main] Settings - Second-level query cache: disabled
[DEBUG] 2022-10-10 15:43:46.712 [main] Settings - Second-level query cache factory: null
[DEBUG] 2022-10-10 15:43:46.712 [main] Settings - Second-level cache region prefix: null
[DEBUG] 2022-10-10 15:43:46.712 [main] Settings - Optimize second-level cache for minimal puts: disabled
[DEBUG] 2022-10-10 15:43:46.712 [main] Settings - Structured second-level cache entries: disabled
[DEBUG] 2022-10-10 15:43:46.712 [main] Settings - Second-level cache direct-reference entries: disabled
[DEBUG] 2022-10-10 15:43:46.712 [main] Settings - Automatic eviction of collection cache: disabled
[DEBUG] 2022-10-10 15:43:46.712 [main] Settings - JDBC batch size: 15
[DEBUG] 2022-10-10 15:43:46.712 [main] Settings - JDBC batch updates for versioned data: enabled
[DEBUG] 2022-10-10 15:43:46.712 [main] Settings - Scrollable result sets: enabled
[DEBUG] 2022-10-10 15:43:46.712 [main] Settings - Wrap result sets: disabled
[DEBUG] 2022-10-10 15:43:46.712 [main] Settings - JDBC3 getGeneratedKeys(): enabled
[DEBUG] 2022-10-10 15:43:46.712 [main] Settings - JDBC result set fetch size: null
[DEBUG] 2022-10-10 15:43:46.713 [main] Settings - Connection release mode: AFTER_TRANSACTION
[DEBUG] 2022-10-10 15:43:46.714 [main] Settings - Generate SQL with comments: disabled
[DEBUG] 2022-10-10 15:43:46.715 [main] Settings - JPA compliance - query : 
[DEBUG] 2022-10-10 15:43:46.715 [main] Settings - JPA compliance - closed-handling : 
[DEBUG] 2022-10-10 15:43:46.716 [main] Settings - JPA compliance - lists : 
[DEBUG] 2022-10-10 15:43:46.716 [main] Settings - JPA compliance - transactions : 
[INFO ] 2022-10-10 15:43:46.807 [main] beans - HHH10005002: No explicit CDI BeanManager reference was passed to Hibernate, but CDI is available on the Hibernate ClassLoader.
[DEBUG] 2022-10-10 15:43:46.846 [main] SessionFactoryImpl - Session factory constructed with filter configurations : {}
[DEBUG] 2022-10-10 15:43:46.846 [main] SessionFactoryImpl - Instantiating session factory with properties: {sun.desktop=gnome, awt.toolkit=sun.awt.X11.XToolkit, java.specification.version=11, sun.cpu.isalist=, hibernate.c3p0.idle_test_period=3000, sun.jnu.encoding=UTF-8, hibernate.c3p0.min_size=5, java.class.path=/home/student/IntelliJ/idea-IU-222.3739.54/lib/idea_rt.jar:/home/student/IntelliJ/idea-IU-222.3739.54/plugins/junit/lib/junit5-rt.jar:/home/student/IntelliJ/idea-IU-222.3739.54/plugins/junit/lib/junit-rt.jar:/home/student/IdeaProjects/indieProject/target/test-classes:/home/student/IdeaProjects/indieProject/target/classes:/home/student/.m2/repository/org/junit/platform/junit-platform-runner/1.0.0/junit-platform-runner-1.0.0.jar:/home/student/.m2/repository/org/apiguardian/apiguardian-api/1.0.0/apiguardian-api-1.0.0.jar:/home/student/.m2/repository/org/junit/platform/junit-platform-launcher/1.0.0/junit-platform-launcher-1.0.0.jar:/home/student/.m2/repository/org/junit/platform/junit-platform-suite-api/1.0.0/junit-platform-suite-api-1.0.0.jar:/home/student/.m2/repository/org/junit/platform/junit-platform-commons/1.0.0/junit-platform-commons-1.0.0.jar:/home/student/.m2/repository/org/junit/vintage/junit-vintage-engine/4.12.0/junit-vintage-engine-4.12.0.jar:/home/student/.m2/repository/org/junit/platform/junit-platform-engine/1.0.0/junit-platform-engine-1.0.0.jar:/home/student/.m2/repository/org/opentest4j/opentest4j/1.0.0/opentest4j-1.0.0.jar:/home/student/.m2/repository/org/junit/jupiter/junit-jupiter-engine/5.0.0/junit-jupiter-engine-5.0.0.jar:/home/student/.m2/repository/org/junit/jupiter/junit-jupiter-api/5.0.0/junit-jupiter-api-5.0.0.jar:/home/student/.m2/repository/junit/junit/4.12/junit-4.12.jar:/home/student/.m2/repository/org/hamcrest/hamcrest-core/1.3/hamcrest-core-1.3.jar:/home/student/.m2/repository/javax/javaee-web-api/7.0/javaee-web-api-7.0.jar:/home/student/.m2/repository/mysql/mysql-connector-java/8.0.16/mysql-connector-java-8.0.16.jar:/home/student/.m2/repository/com/google/protobuf/protobuf-java/3.6.1/protobuf-java-3.6.1.jar:/home/student/.m2/repository/jstl/jstl/1.2/jstl-1.2.jar:/home/student/.m2/repository/org/apache/logging/log4j/log4j-api/2.10.0/log4j-api-2.10.0.jar:/home/student/.m2/repository/org/apache/logging/log4j/log4j-core/2.10.0/log4j-core-2.10.0.jar:/home/student/.m2/repository/org/hibernate/hibernate-core/5.4.4.Final/hibernate-core-5.4.4.Final.jar:/home/student/.m2/repository/org/jboss/logging/jboss-logging/3.3.2.Final/jboss-logging-3.3.2.Final.jar:/home/student/.m2/repository/javax/persistence/javax.persistence-api/2.2/javax.persistence-api-2.2.jar:/home/student/.m2/repository/org/javassist/javassist/3.24.0-GA/javassist-3.24.0-GA.jar:/home/student/.m2/repository/net/bytebuddy/byte-buddy/1.9.11/byte-buddy-1.9.11.jar:/home/student/.m2/repository/antlr/antlr/2.7.7/antlr-2.7.7.jar:/home/student/.m2/repository/org/jboss/spec/javax/transaction/jboss-transaction-api_1.2_spec/1.1.1.Final/jboss-transaction-api_1.2_spec-1.1.1.Final.jar:/home/student/.m2/repository/org/jboss/jandex/2.0.5.Final/jandex-2.0.5.Final.jar:/home/student/.m2/repository/com/fasterxml/classmate/1.3.4/classmate-1.3.4.jar:/home/student/.m2/repository/javax/activation/javax.activation-api/1.2.0/javax.activation-api-1.2.0.jar:/home/student/.m2/repository/org/dom4j/dom4j/2.1.1/dom4j-2.1.1.jar:/home/student/.m2/repository/org/hibernate/common/hibernate-commons-annotations/5.1.0.Final/hibernate-commons-annotations-5.1.0.Final.jar:/home/student/.m2/repository/javax/xml/bind/jaxb-api/2.3.1/jaxb-api-2.3.1.jar:/home/student/.m2/repository/org/glassfish/jaxb/jaxb-runtime/2.3.1/jaxb-runtime-2.3.1.jar:/home/student/.m2/repository/org/glassfish/jaxb/txw2/2.3.1/txw2-2.3.1.jar:/home/student/.m2/repository/com/sun/istack/istack-commons-runtime/3.0.7/istack-commons-runtime-3.0.7.jar:/home/student/.m2/repository/org/jvnet/staxex/stax-ex/1.8/stax-ex-1.8.jar:/home/student/.m2/repository/com/sun/xml/fastinfoset/FastInfoset/1.2.15/FastInfoset-1.2.15.jar:/home/student/.m2/repository/org/hibernate/hibernate-c3p0/5.4.4.Final/hibernate-c3p0-5.4.4.Final.jar:/home/student/.m2/repository/com/mchange/c3p0/0.9.5.3/c3p0-0.9.5.3.jar:/home/student/.m2/repository/com/mchange/mchange-commons-java/0.2.15/mchange-commons-java-0.2.15.jar, java.vm.vendor=Ubuntu, sun.arch.data.model=64, idea.test.cyclic.buffer.size=1048576, java.vendor.url=https://ubuntu.com/, user.timezone=America/Chicago, os.name=Linux, java.vm.specification.version=11, sun.java.launcher=SUN_STANDARD, user.country=US, sun.boot.library.path=/usr/lib/jvm/java-11-openjdk-amd64/lib, sun.java.command=com.intellij.rt.junit.JUnitStarter -ideVersion5 -junit5 com.liveodds.persistence.UserDaoTest, jdk.debug=release, sun.cpu.endian=little, user.home=/home/student, hibernate.c3p0.max_statements=50, user.language=en, java.specification.vendor=Oracle Corporation, java.version.date=2022-07-19, java.home=/usr/lib/jvm/java-11-openjdk-amd64, file.separator=/, java.vm.compressedOopsMode=32-bit, line.separator=
, hibernate.c3p0.timeout=300, java.specification.name=Java Platform API Specification, java.vm.specification.vendor=Oracle Corporation, java.awt.graphicsenv=sun.awt.X11GraphicsEnvironment, connection.password=student, sun.management.compiler=HotSpot 64-Bit Tiered Compilers, hibernate.c3p0.max_size=20, java.runtime.version=11.0.16+8-post-Ubuntu-0ubuntu120.04, user.name=student, path.separator=:, hibernate.connection.username=****, os.version=5.4.0-126-generic, java.runtime.name=OpenJDK Runtime Environment, hibernate.connection.url=jdbc:mysql://localhost:3306/live_odds, file.encoding=UTF-8, java.vm.name=OpenJDK 64-Bit Server VM, hibernate.connection.driver_class=com.mysql.cj.jdbc.Driver, java.vendor.url.bug=https://bugs.launchpad.net/ubuntu/+source/openjdk-lts, java.io.tmpdir=/tmp, java.version=11.0.16, user.dir=/home/student/IdeaProjects/indieProject, os.arch=amd64, connection.username=root, java.vm.specification.name=Java Virtual Machine Specification, java.awt.printerjob=sun.print.PSPrinterJob, hibernate.connection.password=****, sun.os.patch.level=unknown, connection.driver_class=com.mysql.cj.jdbc.Driver, hibernate.boot.CfgXmlAccessService.key=org.hibernate.boot.cfgxml.spi.LoadedConfig@566f1852, java.library.path=/usr/java/packages/lib:/usr/lib/x86_64-linux-gnu/jni:/lib/x86_64-linux-gnu:/usr/lib/x86_64-linux-gnu:/usr/lib/jni:/lib:/usr/lib, java.vendor=Ubuntu, java.vm.info=mixed mode, sharing, java.vm.version=11.0.16+8-post-Ubuntu-0ubuntu120.04, hibernate.bytecode.use_reflection_optimizer=false, sun.io.unicode.encoding=UnicodeLittle, connection.url=jdbc:mysql://localhost:3306/live_odds, java.class.version=55.0}
[DEBUG] 2022-10-10 15:43:46.885 [main] TypeSafeActivator - Unable to acquire Bean Validation ValidatorFactory, skipping activation
[DEBUG] 2022-10-10 15:43:46.885 [main] JaccIntegrator - Skipping JACC integration as it was not enabled
[DEBUG] 2022-10-10 15:43:46.886 [main] SessionFactoryImpl - Instantiated session factory
[DEBUG] 2022-10-10 15:43:46.887 [main] TypeConfiguration$Scope - Scoping TypeConfiguration [org.hibernate.type.spi.TypeConfiguration@5e922647] to SessionFactoryImpl [org.hibernate.internal.SessionFactoryImpl@4751e8b9]
[DEBUG] 2022-10-10 15:43:47.041 [main] ClassLoaderAccessImpl - Not known whether passed class name [com.liveodds.entity.Team] is safe
[DEBUG] 2022-10-10 15:43:47.043 [main] ClassLoaderAccessImpl - No temp ClassLoader provided; using live ClassLoader for loading potentially unsafe class : com.liveodds.entity.Team
[DEBUG] 2022-10-10 15:43:47.076 [main] ClassLoaderAccessImpl - Not known whether passed class name [com.liveodds.entity.Team] is safe
[DEBUG] 2022-10-10 15:43:47.076 [main] ClassLoaderAccessImpl - No temp ClassLoader provided; using live ClassLoader for loading potentially unsafe class : com.liveodds.entity.Team
[DEBUG] 2022-10-10 15:43:47.429 [main] ClassLoaderAccessImpl - Not known whether passed class name [com.liveodds.entity.User] is safe
[DEBUG] 2022-10-10 15:43:47.429 [main] ClassLoaderAccessImpl - No temp ClassLoader provided; using live ClassLoader for loading potentially unsafe class : com.liveodds.entity.User
[DEBUG] 2022-10-10 15:43:47.430 [main] ClassLoaderAccessImpl - Not known whether passed class name [com.liveodds.entity.User] is safe
[DEBUG] 2022-10-10 15:43:47.431 [main] ClassLoaderAccessImpl - No temp ClassLoader provided; using live ClassLoader for loading potentially unsafe class : com.liveodds.entity.User
[DEBUG] 2022-10-10 15:43:47.517 [main] AbstractCollectionPersister - Static SQL for collection: com.liveodds.entity.User.teams
[DEBUG] 2022-10-10 15:43:47.518 [main] AbstractCollectionPersister -  Row insert: update team set user_id=? where id=?
[DEBUG] 2022-10-10 15:43:47.518 [main] AbstractCollectionPersister -  Row update: update team set  where id=?
[DEBUG] 2022-10-10 15:43:47.518 [main] AbstractCollectionPersister -  Row delete: update team set user_id=null where user_id=? and id=?
[DEBUG] 2022-10-10 15:43:47.518 [main] AbstractCollectionPersister -  One-shot delete: update team set user_id=null where user_id=?
[DEBUG] 2022-10-10 15:43:47.528 [main] AbstractEntityPersister - Static SQL for entity: com.liveodds.entity.Team
[DEBUG] 2022-10-10 15:43:47.528 [main] AbstractEntityPersister -  Version select: select id from team where id =?
[DEBUG] 2022-10-10 15:43:47.528 [main] AbstractEntityPersister -  Snapshot select: select team_.id, team_.name as name2_0_, team_.user_id as user_id3_0_ from team team_ where team_.id=?
[DEBUG] 2022-10-10 15:43:47.529 [main] AbstractEntityPersister -  Insert 0: insert into team (name, user_id, id) values (?, ?, ?)
[DEBUG] 2022-10-10 15:43:47.529 [main] AbstractEntityPersister -  Update 0: update team set name=?, user_id=? where id=?
[DEBUG] 2022-10-10 15:43:47.529 [main] AbstractEntityPersister -  Delete 0: delete from team where id=?
[DEBUG] 2022-10-10 15:43:47.529 [main] AbstractEntityPersister -  Identity insert: insert into team (name, user_id) values (?, ?)
[DEBUG] 2022-10-10 15:43:47.569 [main] QuerySpacesImpl - Adding QuerySpace : uid = <gen:0> -> org.hibernate.loader.plan.build.internal.spaces.EntityQuerySpaceImpl@7d0cd23c]
[DEBUG] 2022-10-10 15:43:47.570 [main] MetamodelGraphWalker - Visiting attribute path : name
[DEBUG] 2022-10-10 15:43:47.570 [main] MetamodelGraphWalker - Visiting attribute path : user
[DEBUG] 2022-10-10 15:43:47.577 [main] QuerySpacesImpl - Adding QuerySpace : uid = <gen:1> -> org.hibernate.loader.plan.build.internal.spaces.EntityQuerySpaceImpl@5a2ae1ab]
[DEBUG] 2022-10-10 15:43:47.578 [main] MetamodelGraphWalker - Visiting attribute path : user.age
[DEBUG] 2022-10-10 15:43:47.578 [main] MetamodelGraphWalker - Visiting attribute path : user.firstName
[DEBUG] 2022-10-10 15:43:47.578 [main] MetamodelGraphWalker - Visiting attribute path : user.lastName
[DEBUG] 2022-10-10 15:43:47.578 [main] MetamodelGraphWalker - Visiting attribute path : user.teams
[DEBUG] 2022-10-10 15:43:47.578 [main] MetamodelGraphWalker - Property path deemed to be circular : user.teams
[DEBUG] 2022-10-10 15:43:47.578 [main] FetchStyleLoadPlanBuildingAssociationVisitationStrategy - Building LoadPlan...
[DEBUG] 2022-10-10 15:43:47.590 [main] LoadQueryJoinAndFetchProcessor - processing queryspace <gen:0>
[DEBUG] 2022-10-10 15:43:47.602 [main] LoadPlanTreePrinter - LoadPlan(entity=com.liveodds.entity.Team)
    - Returns
       - EntityReturnImpl(entity=com.liveodds.entity.Team, querySpaceUid=<gen:0>, path=com.liveodds.entity.Team)
          - EntityAttributeFetchImpl(entity=com.liveodds.entity.User, querySpaceUid=<gen:1>, path=com.liveodds.entity.Team.user)
    - QuerySpaces
       - EntityQuerySpaceImpl(uid=<gen:0>, entity=com.liveodds.entity.Team)
          - SQL table alias mapping - team0_
          - alias suffix - 0_
          - suffixed key columns - {id1_0_0_}
          - JOIN (JoinDefinedByMetadata(user)) : <gen:0> -> <gen:1>
             - EntityQuerySpaceImpl(uid=<gen:1>, entity=com.liveodds.entity.User)
                - SQL table alias mapping - user1_
                - alias suffix - 1_
                - suffixed key columns - {id1_1_1_}

[DEBUG] 2022-10-10 15:43:47.606 [main] EntityLoader - Static select for entity com.liveodds.entity.Team [NONE]: select team0_.id as id1_0_0_, team0_.name as name2_0_0_, team0_.user_id as user_id3_0_0_, user1_.id as id1_1_1_, user1_.Age as Age2_1_1_, user1_.FirstName as FirstNam3_1_1_, user1_.LastName as LastName4_1_1_ from team team0_ left outer join user user1_ on team0_.user_id=user1_.id where team0_.id=?
[DEBUG] 2022-10-10 15:43:47.606 [main] QuerySpacesImpl - Adding QuerySpace : uid = <gen:0> -> org.hibernate.loader.plan.build.internal.spaces.EntityQuerySpaceImpl@785ed99c]
[DEBUG] 2022-10-10 15:43:47.606 [main] MetamodelGraphWalker - Visiting attribute path : name
[DEBUG] 2022-10-10 15:43:47.606 [main] MetamodelGraphWalker - Visiting attribute path : user
[DEBUG] 2022-10-10 15:43:47.606 [main] QuerySpacesImpl - Adding QuerySpace : uid = <gen:1> -> org.hibernate.loader.plan.build.internal.spaces.EntityQuerySpaceImpl@755b5f30]
[DEBUG] 2022-10-10 15:43:47.610 [main] MetamodelGraphWalker - Visiting attribute path : user.age
[DEBUG] 2022-10-10 15:43:47.610 [main] MetamodelGraphWalker - Visiting attribute path : user.firstName
[DEBUG] 2022-10-10 15:43:47.611 [main] MetamodelGraphWalker - Visiting attribute path : user.lastName
[DEBUG] 2022-10-10 15:43:47.611 [main] MetamodelGraphWalker - Visiting attribute path : user.teams
[DEBUG] 2022-10-10 15:43:47.611 [main] MetamodelGraphWalker - Property path deemed to be circular : user.teams
[DEBUG] 2022-10-10 15:43:47.611 [main] FetchStyleLoadPlanBuildingAssociationVisitationStrategy - Building LoadPlan...
[DEBUG] 2022-10-10 15:43:47.611 [main] LoadQueryJoinAndFetchProcessor - processing queryspace <gen:0>
[DEBUG] 2022-10-10 15:43:47.612 [main] LoadPlanTreePrinter - LoadPlan(entity=com.liveodds.entity.Team)
    - Returns
       - EntityReturnImpl(entity=com.liveodds.entity.Team, querySpaceUid=<gen:0>, path=com.liveodds.entity.Team)
          - EntityAttributeFetchImpl(entity=com.liveodds.entity.User, querySpaceUid=<gen:1>, path=com.liveodds.entity.Team.user)
    - QuerySpaces
       - EntityQuerySpaceImpl(uid=<gen:0>, entity=com.liveodds.entity.Team)
          - SQL table alias mapping - team0_
          - alias suffix - 0_
          - suffixed key columns - {id1_0_0_}
          - JOIN (JoinDefinedByMetadata(user)) : <gen:0> -> <gen:1>
             - EntityQuerySpaceImpl(uid=<gen:1>, entity=com.liveodds.entity.User)
                - SQL table alias mapping - user1_
                - alias suffix - 1_
                - suffixed key columns - {id1_1_1_}

[DEBUG] 2022-10-10 15:43:47.620 [main] EntityLoader - Static select for entity com.liveodds.entity.Team [READ]: select team0_.id as id1_0_0_, team0_.name as name2_0_0_, team0_.user_id as user_id3_0_0_, user1_.id as id1_1_1_, user1_.Age as Age2_1_1_, user1_.FirstName as FirstNam3_1_1_, user1_.LastName as LastName4_1_1_ from team team0_ left outer join user user1_ on team0_.user_id=user1_.id where team0_.id=?
[DEBUG] 2022-10-10 15:43:47.637 [main] Loader - Static select for action ACTION_MERGE on entity com.liveodds.entity.Team: select team0_.id as id1_0_0_, team0_.name as name2_0_0_, team0_.user_id as user_id3_0_0_ from team team0_ where team0_.id=?
[DEBUG] 2022-10-10 15:43:47.637 [main] Loader - Static select for action ACTION_REFRESH on entity com.liveodds.entity.Team: select team0_.id as id1_0_0_, team0_.name as name2_0_0_, team0_.user_id as user_id3_0_0_ from team team0_ where team0_.id=?
[DEBUG] 2022-10-10 15:43:47.638 [main] AbstractEntityPersister - Static SQL for entity: com.liveodds.entity.User
[DEBUG] 2022-10-10 15:43:47.638 [main] AbstractEntityPersister -  Version select: select id from user where id =?
[DEBUG] 2022-10-10 15:43:47.638 [main] AbstractEntityPersister -  Snapshot select: select user_.id, user_.Age as Age2_1_, user_.FirstName as FirstNam3_1_, user_.LastName as LastName4_1_ from user user_ where user_.id=?
[DEBUG] 2022-10-10 15:43:47.638 [main] AbstractEntityPersister -  Insert 0: insert into user (Age, FirstName, LastName, id) values (?, ?, ?, ?)
[DEBUG] 2022-10-10 15:43:47.638 [main] AbstractEntityPersister -  Update 0: update user set Age=?, FirstName=?, LastName=? where id=?
[DEBUG] 2022-10-10 15:43:47.638 [main] AbstractEntityPersister -  Delete 0: delete from user where id=?
[DEBUG] 2022-10-10 15:43:47.638 [main] AbstractEntityPersister -  Identity insert: insert into user (Age, FirstName, LastName) values (?, ?, ?)
[DEBUG] 2022-10-10 15:43:47.638 [main] QuerySpacesImpl - Adding QuerySpace : uid = <gen:0> -> org.hibernate.loader.plan.build.internal.spaces.EntityQuerySpaceImpl@279126f5]
[DEBUG] 2022-10-10 15:43:47.638 [main] MetamodelGraphWalker - Visiting attribute path : age
[DEBUG] 2022-10-10 15:43:47.639 [main] MetamodelGraphWalker - Visiting attribute path : firstName
[DEBUG] 2022-10-10 15:43:47.639 [main] MetamodelGraphWalker - Visiting attribute path : lastName
[DEBUG] 2022-10-10 15:43:47.639 [main] MetamodelGraphWalker - Visiting attribute path : teams
[DEBUG] 2022-10-10 15:43:47.639 [main] QuerySpacesImpl - Adding QuerySpace : uid = <gen:1> -> org.hibernate.loader.plan.build.internal.spaces.CollectionQuerySpaceImpl@33324c05]
[DEBUG] 2022-10-10 15:43:47.640 [main] QuerySpacesImpl - Adding QuerySpace : uid = <gen:2> -> org.hibernate.loader.plan.build.internal.spaces.EntityQuerySpaceImpl@5e3db14]
[DEBUG] 2022-10-10 15:43:47.641 [main] MetamodelGraphWalker - Visiting attribute path : teams.name
[DEBUG] 2022-10-10 15:43:47.641 [main] MetamodelGraphWalker - Visiting attribute path : teams.user
[DEBUG] 2022-10-10 15:43:47.641 [main] MetamodelGraphWalker - Property path deemed to be circular : teams.user
[DEBUG] 2022-10-10 15:43:47.642 [main] FetchStyleLoadPlanBuildingAssociationVisitationStrategy - Building LoadPlan...
[DEBUG] 2022-10-10 15:43:47.644 [main] LoadQueryJoinAndFetchProcessor - processing queryspace <gen:0>
[DEBUG] 2022-10-10 15:43:47.646 [main] LoadPlanTreePrinter - LoadPlan(entity=com.liveodds.entity.User)
    - Returns
       - EntityReturnImpl(entity=com.liveodds.entity.User, querySpaceUid=<gen:0>, path=com.liveodds.entity.User)
          - CollectionAttributeFetchImpl(collection=com.liveodds.entity.User.teams, querySpaceUid=<gen:1>, path=com.liveodds.entity.User.teams)
             - (collection element) CollectionFetchableElementEntityGraph(entity=com.liveodds.entity.Team, querySpaceUid=<gen:2>, path=com.liveodds.entity.User.teams.<elements>)
    - QuerySpaces
       - EntityQuerySpaceImpl(uid=<gen:0>, entity=com.liveodds.entity.User)
          - SQL table alias mapping - user0_
          - alias suffix - 0_
          - suffixed key columns - {id1_1_0_}
          - JOIN (JoinDefinedByMetadata(teams)) : <gen:0> -> <gen:1>
             - CollectionQuerySpaceImpl(uid=<gen:1>, collection=com.liveodds.entity.User.teams)
                - SQL table alias mapping - teams1_
                - alias suffix - 1_
                - suffixed key columns - {user_id3_0_1_}
                - entity-element alias suffix - 2_
                - 2_entity-element suffixed key columns - id1_0_2_
                - JOIN (JoinDefinedByMetadata(elements)) : <gen:1> -> <gen:2>
                   - EntityQuerySpaceImpl(uid=<gen:2>, entity=com.liveodds.entity.Team)
                      - SQL table alias mapping - teams1_
                      - alias suffix - 2_
                      - suffixed key columns - {id1_0_2_}

[DEBUG] 2022-10-10 15:43:47.647 [main] EntityLoader - Static select for entity com.liveodds.entity.User [NONE]: select user0_.id as id1_1_0_, user0_.Age as Age2_1_0_, user0_.FirstName as FirstNam3_1_0_, user0_.LastName as LastName4_1_0_, teams1_.user_id as user_id3_0_1_, teams1_.id as id1_0_1_, teams1_.id as id1_0_2_, teams1_.name as name2_0_2_, teams1_.user_id as user_id3_0_2_ from user user0_ left outer join team teams1_ on user0_.id=teams1_.user_id where user0_.id=?
[DEBUG] 2022-10-10 15:43:47.647 [main] QuerySpacesImpl - Adding QuerySpace : uid = <gen:0> -> org.hibernate.loader.plan.build.internal.spaces.EntityQuerySpaceImpl@1c6a0103]
[DEBUG] 2022-10-10 15:43:47.647 [main] MetamodelGraphWalker - Visiting attribute path : age
[DEBUG] 2022-10-10 15:43:47.647 [main] MetamodelGraphWalker - Visiting attribute path : firstName
[DEBUG] 2022-10-10 15:43:47.647 [main] MetamodelGraphWalker - Visiting attribute path : lastName
[DEBUG] 2022-10-10 15:43:47.647 [main] MetamodelGraphWalker - Visiting attribute path : teams
[DEBUG] 2022-10-10 15:43:47.647 [main] QuerySpacesImpl - Adding QuerySpace : uid = <gen:1> -> org.hibernate.loader.plan.build.internal.spaces.CollectionQuerySpaceImpl@45c80312]
[DEBUG] 2022-10-10 15:43:47.647 [main] QuerySpacesImpl - Adding QuerySpace : uid = <gen:2> -> org.hibernate.loader.plan.build.internal.spaces.EntityQuerySpaceImpl@7bd38fed]
[DEBUG] 2022-10-10 15:43:47.647 [main] MetamodelGraphWalker - Visiting attribute path : teams.name
[DEBUG] 2022-10-10 15:43:47.647 [main] MetamodelGraphWalker - Visiting attribute path : teams.user
[DEBUG] 2022-10-10 15:43:47.648 [main] MetamodelGraphWalker - Property path deemed to be circular : teams.user
[DEBUG] 2022-10-10 15:43:47.648 [main] FetchStyleLoadPlanBuildingAssociationVisitationStrategy - Building LoadPlan...
[DEBUG] 2022-10-10 15:43:47.648 [main] LoadQueryJoinAndFetchProcessor - processing queryspace <gen:0>
[DEBUG] 2022-10-10 15:43:47.650 [main] LoadPlanTreePrinter - LoadPlan(entity=com.liveodds.entity.User)
    - Returns
       - EntityReturnImpl(entity=com.liveodds.entity.User, querySpaceUid=<gen:0>, path=com.liveodds.entity.User)
          - CollectionAttributeFetchImpl(collection=com.liveodds.entity.User.teams, querySpaceUid=<gen:1>, path=com.liveodds.entity.User.teams)
             - (collection element) CollectionFetchableElementEntityGraph(entity=com.liveodds.entity.Team, querySpaceUid=<gen:2>, path=com.liveodds.entity.User.teams.<elements>)
    - QuerySpaces
       - EntityQuerySpaceImpl(uid=<gen:0>, entity=com.liveodds.entity.User)
          - SQL table alias mapping - user0_
          - alias suffix - 0_
          - suffixed key columns - {id1_1_0_}
          - JOIN (JoinDefinedByMetadata(teams)) : <gen:0> -> <gen:1>
             - CollectionQuerySpaceImpl(uid=<gen:1>, collection=com.liveodds.entity.User.teams)
                - SQL table alias mapping - teams1_
                - alias suffix - 1_
                - suffixed key columns - {user_id3_0_1_}
                - entity-element alias suffix - 2_
                - 2_entity-element suffixed key columns - id1_0_2_
                - JOIN (JoinDefinedByMetadata(elements)) : <gen:1> -> <gen:2>
                   - EntityQuerySpaceImpl(uid=<gen:2>, entity=com.liveodds.entity.Team)
                      - SQL table alias mapping - teams1_
                      - alias suffix - 2_
                      - suffixed key columns - {id1_0_2_}

[DEBUG] 2022-10-10 15:43:47.650 [main] EntityLoader - Static select for entity com.liveodds.entity.User [READ]: select user0_.id as id1_1_0_, user0_.Age as Age2_1_0_, user0_.FirstName as FirstNam3_1_0_, user0_.LastName as LastName4_1_0_, teams1_.user_id as user_id3_0_1_, teams1_.id as id1_0_1_, teams1_.id as id1_0_2_, teams1_.name as name2_0_2_, teams1_.user_id as user_id3_0_2_ from user user0_ left outer join team teams1_ on user0_.id=teams1_.user_id where user0_.id=?
[DEBUG] 2022-10-10 15:43:47.652 [main] Loader - Static select for action ACTION_MERGE on entity com.liveodds.entity.User: select user0_.id as id1_1_1_, user0_.Age as Age2_1_1_, user0_.FirstName as FirstNam3_1_1_, user0_.LastName as LastName4_1_1_, teams1_.user_id as user_id3_0_3_, teams1_.id as id1_0_3_, teams1_.id as id1_0_0_, teams1_.name as name2_0_0_, teams1_.user_id as user_id3_0_0_ from user user0_ left outer join team teams1_ on user0_.id=teams1_.user_id where user0_.id=?
[DEBUG] 2022-10-10 15:43:47.654 [main] Loader - Static select for action ACTION_REFRESH on entity com.liveodds.entity.User: select user0_.id as id1_1_1_, user0_.Age as Age2_1_1_, user0_.FirstName as FirstNam3_1_1_, user0_.LastName as LastName4_1_1_, teams1_.user_id as user_id3_0_3_, teams1_.id as id1_0_3_, teams1_.id as id1_0_0_, teams1_.name as name2_0_0_, teams1_.user_id as user_id3_0_0_ from user user0_ left outer join team teams1_ on user0_.id=teams1_.user_id where user0_.id=?
[DEBUG] 2022-10-10 15:43:47.659 [main] QuerySpacesImpl - Adding QuerySpace : uid = <gen:0> -> org.hibernate.loader.plan.build.internal.spaces.CollectionQuerySpaceImpl@21274afe]
[DEBUG] 2022-10-10 15:43:47.659 [main] QuerySpacesImpl - Adding QuerySpace : uid = <gen:1> -> org.hibernate.loader.plan.build.internal.spaces.EntityQuerySpaceImpl@76a362a4]
[DEBUG] 2022-10-10 15:43:47.661 [main] MetamodelGraphWalker - Visiting attribute path : name
[DEBUG] 2022-10-10 15:43:47.661 [main] MetamodelGraphWalker - Visiting attribute path : user
[DEBUG] 2022-10-10 15:43:47.661 [main] MetamodelGraphWalker - Property path deemed to be circular : user
[DEBUG] 2022-10-10 15:43:47.661 [main] FetchStyleLoadPlanBuildingAssociationVisitationStrategy - Building LoadPlan...
[DEBUG] 2022-10-10 15:43:47.663 [main] LoadQueryJoinAndFetchProcessor - processing queryspace <gen:0>
[DEBUG] 2022-10-10 15:43:47.663 [main] LoadPlanTreePrinter - LoadPlan(collection=com.liveodds.entity.User.teams)
    - Returns
       - CollectionReturnImpl(collection=com.liveodds.entity.User.teams, querySpaceUid=<gen:0>, path=[com.liveodds.entity.User.teams])
          - (collection element) CollectionFetchableElementEntityGraph(entity=com.liveodds.entity.Team, querySpaceUid=<gen:1>, path=[com.liveodds.entity.User.teams].<elements>)
    - QuerySpaces
       - CollectionQuerySpaceImpl(uid=<gen:0>, collection=com.liveodds.entity.User.teams)
          - SQL table alias mapping - teams0_
          - alias suffix - 0_
          - suffixed key columns - {user_id3_0_0_}
          - entity-element alias suffix - 1_
          - 1_entity-element suffixed key columns - id1_0_1_
          - JOIN (JoinDefinedByMetadata(elements)) : <gen:0> -> <gen:1>
             - EntityQuerySpaceImpl(uid=<gen:1>, entity=com.liveodds.entity.Team)
                - SQL table alias mapping - teams0_
                - alias suffix - 1_
                - suffixed key columns - {id1_0_1_}

[DEBUG] 2022-10-10 15:43:47.664 [main] CollectionLoader - Static select for collection com.liveodds.entity.User.teams: select teams0_.user_id as user_id3_0_0_, teams0_.id as id1_0_0_, teams0_.id as id1_0_1_, teams0_.name as name2_0_1_, teams0_.user_id as user_id3_0_1_ from team teams0_ where teams0_.user_id=?
[DEBUG] 2022-10-10 15:43:47.702 [main] SchemaManagementToolCoordinator - No actions specified; doing nothing
[DEBUG] 2022-10-10 15:43:47.702 [main] JtaPlatformInitiator - No JtaPlatform was specified, checking resolver
[DEBUG] 2022-10-10 15:43:47.702 [main] JtaPlatformResolverInitiator - No JtaPlatformResolver was specified, using default [org.hibernate.engine.transaction.jta.platform.internal.StandardJtaPlatformResolver]
[DEBUG] 2022-10-10 15:43:47.713 [main] StandardJtaPlatformResolver - Could not resolve JtaPlatform, using default [org.hibernate.engine.transaction.jta.platform.internal.NoJtaPlatform]
[INFO ] 2022-10-10 15:43:47.714 [main] JtaPlatformInitiator - HHH000490: Using JtaPlatform implementation: [org.hibernate.engine.transaction.jta.platform.internal.NoJtaPlatform]
[DEBUG] 2022-10-10 15:43:47.715 [main] NamedQueryRepository - Checking 0 named HQL queries
[DEBUG] 2022-10-10 15:43:47.715 [main] NamedQueryRepository - Checking 0 named SQL queries
[DEBUG] 2022-10-10 15:43:47.716 [main] SessionFactoryRegistry - Initializing SessionFactoryRegistry : org.hibernate.internal.SessionFactoryRegistry@626c569b
[DEBUG] 2022-10-10 15:43:47.718 [main] SessionFactoryRegistry - Registering SessionFactory: 61e2b434-d17b-4461-aaa2-b46131468dbf (<unnamed>)
[DEBUG] 2022-10-10 15:43:47.719 [main] SessionFactoryRegistry - Not binding SessionFactory to JNDI, no JNDI name configured
[DEBUG] 2022-10-10 15:43:47.810 [main] StatisticsInitiator - Statistics initialized [enabled=false]
[DEBUG] 2022-10-10 15:43:47.833 [main] SQL - select user0_.id as id1_1_0_, user0_.Age as Age2_1_0_, user0_.FirstName as FirstNam3_1_0_, user0_.LastName as LastName4_1_0_, teams1_.user_id as user_id3_0_1_, teams1_.id as id1_0_1_, teams1_.id as id1_0_2_, teams1_.name as name2_0_2_, teams1_.user_id as user_id3_0_2_ from user user0_ left outer join team teams1_ on user0_.id=teams1_.user_id where user0_.id=?
[DEBUG] 2022-10-10 15:43:47.865 [main] CollectionLoadContext - No collections were found in result set for role: com.liveodds.entity.User.teams
[DEBUG] 2022-10-10 15:43:47.865 [main] ResourceRegistryStandardImpl - HHH000387: ResultSet's statement was not registered
[DEBUG] 2022-10-10 15:43:47.866 [main] AbstractLoadPlanBasedEntityLoader - Done entity load : com.liveodds.entity.User#1
[DEBUG] 2022-10-10 15:43:47.871 [main] LogicalConnectionManagedImpl - Initiating JDBC connection release from afterTransaction
[DEBUG] 2022-10-10 15:43:47.878 [main] TransactionImpl - On TransactionImpl creation, JpaCompliance#isJpaTransactionComplianceEnabled == false
[DEBUG] 2022-10-10 15:43:47.878 [main] TransactionImpl - begin
[DEBUG] 2022-10-10 15:43:48.024 [main] TransactionImpl - On TransactionImpl creation, JpaCompliance#isJpaTransactionComplianceEnabled == false
[DEBUG] 2022-10-10 15:43:48.024 [main] TransactionImpl - begin
[DEBUG] 2022-10-10 15:43:48.090 [main] ActionQueue - Executing identity-insert immediately
[DEBUG] 2022-10-10 15:43:48.096 [main] SQL - insert into user (Age, FirstName, LastName) values (?, ?, ?)
[DEBUG] 2022-10-10 15:43:48.114 [main] SqlExceptionHelper - could not execute statement [n/a]
java.sql.SQLException: Field 'id' doesn't have a default value
	at com.mysql.cj.jdbc.exceptions.SQLError.createSQLException(SQLError.java:129) ~[mysql-connector-java-8.0.16.jar:8.0.16]
	at com.mysql.cj.jdbc.exceptions.SQLError.createSQLException(SQLError.java:97) ~[mysql-connector-java-8.0.16.jar:8.0.16]
	at com.mysql.cj.jdbc.exceptions.SQLExceptionsMapping.translateException(SQLExceptionsMapping.java:122) ~[mysql-connector-java-8.0.16.jar:8.0.16]
	at com.mysql.cj.jdbc.ClientPreparedStatement.executeInternal(ClientPreparedStatement.java:955) ~[mysql-connector-java-8.0.16.jar:8.0.16]
	at com.mysql.cj.jdbc.ClientPreparedStatement.executeUpdateInternal(ClientPreparedStatement.java:1094) ~[mysql-connector-java-8.0.16.jar:8.0.16]
	at com.mysql.cj.jdbc.ClientPreparedStatement.executeUpdateInternal(ClientPreparedStatement.java:1042) ~[mysql-connector-java-8.0.16.jar:8.0.16]
	at com.mysql.cj.jdbc.ClientPreparedStatement.executeLargeUpdate(ClientPreparedStatement.java:1345) ~[mysql-connector-java-8.0.16.jar:8.0.16]
	at com.mysql.cj.jdbc.ClientPreparedStatement.executeUpdate(ClientPreparedStatement.java:1027) ~[mysql-connector-java-8.0.16.jar:8.0.16]
	at com.mchange.v2.c3p0.impl.NewProxyPreparedStatement.executeUpdate(NewProxyPreparedStatement.java:410) ~[c3p0-0.9.5.3.jar:0.9.5.3]
	at org.hibernate.engine.jdbc.internal.ResultSetReturnImpl.executeUpdate(ResultSetReturnImpl.java:175) [hibernate-core-5.4.4.Final.jar:5.4.4.Final]
	at org.hibernate.dialect.identity.GetGeneratedKeysDelegate.executeAndExtract(GetGeneratedKeysDelegate.java:57) [hibernate-core-5.4.4.Final.jar:5.4.4.Final]
	at org.hibernate.id.insert.AbstractReturningDelegate.performInsert(AbstractReturningDelegate.java:43) [hibernate-core-5.4.4.Final.jar:5.4.4.Final]
	at org.hibernate.persister.entity.AbstractEntityPersister.insert(AbstractEntityPersister.java:3112) [hibernate-core-5.4.4.Final.jar:5.4.4.Final]
	at org.hibernate.persister.entity.AbstractEntityPersister.insert(AbstractEntityPersister.java:3705) [hibernate-core-5.4.4.Final.jar:5.4.4.Final]
	at org.hibernate.action.internal.EntityIdentityInsertAction.execute(EntityIdentityInsertAction.java:84) [hibernate-core-5.4.4.Final.jar:5.4.4.Final]
	at org.hibernate.engine.spi.ActionQueue.execute(ActionQueue.java:645) [hibernate-core-5.4.4.Final.jar:5.4.4.Final]
	at org.hibernate.engine.spi.ActionQueue.addResolvedEntityInsertAction(ActionQueue.java:282) [hibernate-core-5.4.4.Final.jar:5.4.4.Final]
	at org.hibernate.engine.spi.ActionQueue.addInsertAction(ActionQueue.java:263) [hibernate-core-5.4.4.Final.jar:5.4.4.Final]
	at org.hibernate.engine.spi.ActionQueue.addAction(ActionQueue.java:317) [hibernate-core-5.4.4.Final.jar:5.4.4.Final]
	at org.hibernate.event.internal.AbstractSaveEventListener.addInsertAction(AbstractSaveEventListener.java:335) [hibernate-core-5.4.4.Final.jar:5.4.4.Final]
	at org.hibernate.event.internal.AbstractSaveEventListener.performSaveOrReplicate(AbstractSaveEventListener.java:292) [hibernate-core-5.4.4.Final.jar:5.4.4.Final]
	at org.hibernate.event.internal.AbstractSaveEventListener.performSave(AbstractSaveEventListener.java:198) [hibernate-core-5.4.4.Final.jar:5.4.4.Final]
	at org.hibernate.event.internal.AbstractSaveEventListener.saveWithGeneratedId(AbstractSaveEventListener.java:128) [hibernate-core-5.4.4.Final.jar:5.4.4.Final]
	at org.hibernate.event.internal.DefaultSaveOrUpdateEventListener.saveWithGeneratedOrRequestedId(DefaultSaveOrUpdateEventListener.java:193) [hibernate-core-5.4.4.Final.jar:5.4.4.Final]
	at org.hibernate.event.internal.DefaultSaveEventListener.saveWithGeneratedOrRequestedId(DefaultSaveEventListener.java:38) [hibernate-core-5.4.4.Final.jar:5.4.4.Final]
	at org.hibernate.event.internal.DefaultSaveOrUpdateEventListener.entityIsTransient(DefaultSaveOrUpdateEventListener.java:178) [hibernate-core-5.4.4.Final.jar:5.4.4.Final]
	at org.hibernate.event.internal.DefaultSaveEventListener.performSaveOrUpdate(DefaultSaveEventListener.java:32) [hibernate-core-5.4.4.Final.jar:5.4.4.Final]
	at org.hibernate.event.internal.DefaultSaveOrUpdateEventListener.onSaveOrUpdate(DefaultSaveOrUpdateEventListener.java:75) [hibernate-core-5.4.4.Final.jar:5.4.4.Final]
	at org.hibernate.internal.SessionImpl.fireSave(SessionImpl.java:697) [hibernate-core-5.4.4.Final.jar:5.4.4.Final]
	at org.hibernate.internal.SessionImpl.save(SessionImpl.java:689) [hibernate-core-5.4.4.Final.jar:5.4.4.Final]
	at org.hibernate.internal.SessionImpl.save(SessionImpl.java:684) [hibernate-core-5.4.4.Final.jar:5.4.4.Final]
	at com.liveodds.persistence.UserDao.insert(UserDao.java:57) [classes/:?]
	at com.liveodds.persistence.UserDaoTest.insert(UserDaoTest.java:51) [test-classes/:?]
	at jdk.internal.reflect.NativeMethodAccessorImpl.invoke0(Native Method) ~[?:?]
	at jdk.internal.reflect.NativeMethodAccessorImpl.invoke(NativeMethodAccessorImpl.java:62) ~[?:?]
	at jdk.internal.reflect.DelegatingMethodAccessorImpl.invoke(DelegatingMethodAccessorImpl.java:43) ~[?:?]
	at java.lang.reflect.Method.invoke(Method.java:566) ~[?:?]
	at org.junit.platform.commons.util.ReflectionUtils.invokeMethod(ReflectionUtils.java:389) [junit-platform-commons-1.0.0.jar:1.0.0]
	at org.junit.jupiter.engine.execution.ExecutableInvoker.invoke(ExecutableInvoker.java:115) [junit-jupiter-engine-5.0.0.jar:5.0.0]
	at org.junit.jupiter.engine.descriptor.TestMethodTestDescriptor.lambda$invokeTestMethod$6(TestMethodTestDescriptor.java:167) [junit-jupiter-engine-5.0.0.jar:5.0.0]
	at org.junit.jupiter.engine.execution.ThrowableCollector.execute(ThrowableCollector.java:40) [junit-jupiter-engine-5.0.0.jar:5.0.0]
	at org.junit.jupiter.engine.descriptor.TestMethodTestDescriptor.invokeTestMethod(TestMethodTestDescriptor.java:163) [junit-jupiter-engine-5.0.0.jar:5.0.0]
	at org.junit.jupiter.engine.descriptor.TestMethodTestDescriptor.execute(TestMethodTestDescriptor.java:110) [junit-jupiter-engine-5.0.0.jar:5.0.0]
	at org.junit.jupiter.engine.descriptor.TestMethodTestDescriptor.execute(TestMethodTestDescriptor.java:57) [junit-jupiter-engine-5.0.0.jar:5.0.0]
	at org.junit.platform.engine.support.hierarchical.HierarchicalTestExecutor.lambda$execute$3(HierarchicalTestExecutor.java:83) [junit-platform-engine-1.0.0.jar:1.0.0]
	at org.junit.platform.engine.support.hierarchical.SingleTestExecutor.executeSafely(SingleTestExecutor.java:66) [junit-platform-engine-1.0.0.jar:1.0.0]
	at org.junit.platform.engine.support.hierarchical.HierarchicalTestExecutor.execute(HierarchicalTestExecutor.java:77) [junit-platform-engine-1.0.0.jar:1.0.0]
	at org.junit.platform.engine.support.hierarchical.HierarchicalTestExecutor.lambda$null$2(HierarchicalTestExecutor.java:92) [junit-platform-engine-1.0.0.jar:1.0.0]
	at java.util.stream.ForEachOps$ForEachOp$OfRef.accept(ForEachOps.java:183) [?:?]
	at java.util.stream.ReferencePipeline$2$1.accept(ReferencePipeline.java:177) [?:?]
	at java.util.Iterator.forEachRemaining(Iterator.java:133) [?:?]
	at java.util.Spliterators$IteratorSpliterator.forEachRemaining(Spliterators.java:1801) [?:?]
	at java.util.stream.AbstractPipeline.copyInto(AbstractPipeline.java:484) [?:?]
	at java.util.stream.AbstractPipeline.wrapAndCopyInto(AbstractPipeline.java:474) [?:?]
	at java.util.stream.ForEachOps$ForEachOp.evaluateSequential(ForEachOps.java:150) [?:?]
	at java.util.stream.ForEachOps$ForEachOp$OfRef.evaluateSequential(ForEachOps.java:173) [?:?]
	at java.util.stream.AbstractPipeline.evaluate(AbstractPipeline.java:234) [?:?]
	at java.util.stream.ReferencePipeline.forEach(ReferencePipeline.java:497) [?:?]
	at org.junit.platform.engine.support.hierarchical.HierarchicalTestExecutor.lambda$execute$3(HierarchicalTestExecutor.java:92) [junit-platform-engine-1.0.0.jar:1.0.0]
	at org.junit.platform.engine.support.hierarchical.SingleTestExecutor.executeSafely(SingleTestExecutor.java:66) [junit-platform-engine-1.0.0.jar:1.0.0]
	at org.junit.platform.engine.support.hierarchical.HierarchicalTestExecutor.execute(HierarchicalTestExecutor.java:77) [junit-platform-engine-1.0.0.jar:1.0.0]
	at org.junit.platform.engine.support.hierarchical.HierarchicalTestExecutor.lambda$null$2(HierarchicalTestExecutor.java:92) [junit-platform-engine-1.0.0.jar:1.0.0]
	at java.util.stream.ForEachOps$ForEachOp$OfRef.accept(ForEachOps.java:183) [?:?]
	at java.util.stream.ReferencePipeline$2$1.accept(ReferencePipeline.java:177) [?:?]
	at java.util.Iterator.forEachRemaining(Iterator.java:133) [?:?]
	at java.util.Spliterators$IteratorSpliterator.forEachRemaining(Spliterators.java:1801) [?:?]
	at java.util.stream.AbstractPipeline.copyInto(AbstractPipeline.java:484) [?:?]
	at java.util.stream.AbstractPipeline.wrapAndCopyInto(AbstractPipeline.java:474) [?:?]
	at java.util.stream.ForEachOps$ForEachOp.evaluateSequential(ForEachOps.java:150) [?:?]
	at java.util.stream.ForEachOps$ForEachOp$OfRef.evaluateSequential(ForEachOps.java:173) [?:?]
	at java.util.stream.AbstractPipeline.evaluate(AbstractPipeline.java:234) [?:?]
	at java.util.stream.ReferencePipeline.forEach(ReferencePipeline.java:497) [?:?]
	at org.junit.platform.engine.support.hierarchical.HierarchicalTestExecutor.lambda$execute$3(HierarchicalTestExecutor.java:92) [junit-platform-engine-1.0.0.jar:1.0.0]
	at org.junit.platform.engine.support.hierarchical.SingleTestExecutor.executeSafely(SingleTestExecutor.java:66) [junit-platform-engine-1.0.0.jar:1.0.0]
	at org.junit.platform.engine.support.hierarchical.HierarchicalTestExecutor.execute(HierarchicalTestExecutor.java:77) [junit-platform-engine-1.0.0.jar:1.0.0]
	at org.junit.platform.engine.support.hierarchical.HierarchicalTestExecutor.execute(HierarchicalTestExecutor.java:51) [junit-platform-engine-1.0.0.jar:1.0.0]
	at org.junit.platform.engine.support.hierarchical.HierarchicalTestEngine.execute(HierarchicalTestEngine.java:43) [junit-platform-engine-1.0.0.jar:1.0.0]
	at org.junit.platform.launcher.core.DefaultLauncher.execute(DefaultLauncher.java:170) [junit-platform-launcher-1.0.0.jar:1.0.0]
	at org.junit.platform.launcher.core.DefaultLauncher.execute(DefaultLauncher.java:154) [junit-platform-launcher-1.0.0.jar:1.0.0]
	at org.junit.platform.launcher.core.DefaultLauncher.execute(DefaultLauncher.java:90) [junit-platform-launcher-1.0.0.jar:1.0.0]
	at com.intellij.junit5.JUnit5IdeaTestRunner.startRunnerWithArgs(JUnit5IdeaTestRunner.java:57) [junit5-rt.jar:?]
	at com.intellij.rt.junit.IdeaTestRunner$Repeater$1.execute(IdeaTestRunner.java:38) [junit-rt.jar:?]
	at com.intellij.rt.execution.junit.TestsRepeater.repeat(TestsRepeater.java:11) [idea_rt.jar:?]
	at com.intellij.rt.junit.IdeaTestRunner$Repeater.startRunnerWithArgs(IdeaTestRunner.java:35) [junit-rt.jar:?]
	at com.intellij.rt.junit.JUnitStarter.prepareStreamsAndStart(JUnitStarter.java:235) [junit-rt.jar:?]
	at com.intellij.rt.junit.JUnitStarter.main(JUnitStarter.java:54) [junit-rt.jar:?]
[WARN ] 2022-10-10 15:43:48.144 [main] SqlExceptionHelper - SQL Error: 1364, SQLState: HY000
[ERROR] 2022-10-10 15:43:48.146 [main] SqlExceptionHelper - Field 'id' doesn't have a default value
[DEBUG] 2022-10-10 15:43:48.247 [main] SQL - select user0_.id as id1_1_0_, user0_.Age as Age2_1_0_, user0_.FirstName as FirstNam3_1_0_, user0_.LastName as LastName4_1_0_, teams1_.user_id as user_id3_0_1_, teams1_.id as id1_0_1_, teams1_.id as id1_0_2_, teams1_.name as name2_0_2_, teams1_.user_id as user_id3_0_2_ from user user0_ left outer join team teams1_ on user0_.id=teams1_.user_id where user0_.id=?
[DEBUG] 2022-10-10 15:43:48.280 [main] CollectionLoadContext - No collections were found in result set for role: com.liveodds.entity.User.teams
[DEBUG] 2022-10-10 15:43:48.280 [main] ResourceRegistryStandardImpl - HHH000387: ResultSet's statement was not registered
[DEBUG] 2022-10-10 15:43:48.280 [main] AbstractLoadPlanBasedEntityLoader - Done entity load : com.liveodds.entity.User#1
[DEBUG] 2022-10-10 15:43:48.280 [main] LogicalConnectionManagedImpl - Initiating JDBC connection release from afterTransaction
[DEBUG] 2022-10-10 15:43:48.423 [main] SQL - select user0_.id as id1_1_0_, user0_.Age as Age2_1_0_, user0_.FirstName as FirstNam3_1_0_, user0_.LastName as LastName4_1_0_, teams1_.user_id as user_id3_0_1_, teams1_.id as id1_0_1_, teams1_.id as id1_0_2_, teams1_.name as name2_0_2_, teams1_.user_id as user_id3_0_2_ from user user0_ left outer join team teams1_ on user0_.id=teams1_.user_id where user0_.id=?
[DEBUG] 2022-10-10 15:43:48.425 [main] CollectionLoadContext - No collections were found in result set for role: com.liveodds.entity.User.teams
[DEBUG] 2022-10-10 15:43:48.425 [main] ResourceRegistryStandardImpl - HHH000387: ResultSet's statement was not registered
[DEBUG] 2022-10-10 15:43:48.425 [main] AbstractLoadPlanBasedEntityLoader - Done entity load : com.liveodds.entity.User#2
[DEBUG] 2022-10-10 15:43:48.425 [main] LogicalConnectionManagedImpl - Initiating JDBC connection release from afterTransaction
[DEBUG] 2022-10-10 15:43:48.602 [main] CriteriaQueryImpl - Rendered criteria query -> select generatedAlias0 from User as generatedAlias0
[DEBUG] 2022-10-10 15:43:48.642 [main] QueryTranslatorFactoryInitiator - QueryTranslatorFactory: org.hibernate.hql.internal.ast.ASTQueryTranslatorFactory@1ffd0114
[DEBUG] 2022-10-10 15:43:48.698 [main] QueryTranslatorImpl - parse() - HQL: select generatedAlias0 from com.liveodds.entity.User as generatedAlias0
[DEBUG] 2022-10-10 15:43:48.706 [main] ErrorTracker - throwQueryException() : no errors
[DEBUG] 2022-10-10 15:43:48.727 [main] QueryTranslatorImpl - --- HQL AST ---
 \-[QUERY] Node: 'query'
    \-[SELECT_FROM] Node: 'SELECT_FROM'
       +-[FROM] Node: 'from'
       |  \-[RANGE] Node: 'RANGE'
       |     +-[DOT] Node: '.'
       |     |  +-[DOT] Node: '.'
       |     |  |  +-[DOT] Node: '.'
       |     |  |  |  +-[IDENT] Node: 'com'
       |     |  |  |  \-[IDENT] Node: 'liveodds'
       |     |  |  \-[IDENT] Node: 'entity'
       |     |  \-[IDENT] Node: 'User'
       |     \-[ALIAS] Node: 'generatedAlias0'
       \-[SELECT] Node: 'select'
          \-[IDENT] Node: 'generatedAlias0'

[DEBUG] 2022-10-10 15:43:48.761 [main] HqlSqlBaseWalker - select << begin [level=1, statement=select]
[DEBUG] 2022-10-10 15:43:48.787 [main] FromElement - FromClause{level=1} : com.liveodds.entity.User (generatedAlias0) -> user0_
[DEBUG] 2022-10-10 15:43:48.789 [main] FromReferenceNode - Resolved : generatedAlias0 -> user0_.id
[DEBUG] 2022-10-10 15:43:48.790 [main] HqlSqlBaseWalker - select : finishing up [level=1, statement=select]
[DEBUG] 2022-10-10 15:43:48.793 [main] HqlSqlWalker - processQuery() :  ( SELECT ( {select clause} user0_.id ) ( FromClause{level=1} user user0_ ) )
[DEBUG] 2022-10-10 15:43:48.807 [main] JoinProcessor - Using FROM fragment [user user0_]
[DEBUG] 2022-10-10 15:43:48.807 [main] HqlSqlBaseWalker - select >> end [level=1, statement=select]
[DEBUG] 2022-10-10 15:43:48.810 [main] QueryTranslatorImpl - --- SQL AST ---
 \-[SELECT] QueryNode: 'SELECT'  querySpaces (user)
    +-[SELECT_CLAUSE] SelectClause: '{select clause}'
    |  +-[ALIAS_REF] IdentNode: 'user0_.id as id1_1_' {alias=generatedAlias0, className=com.liveodds.entity.User, tableAlias=user0_}
    |  \-[SQL_TOKEN] SqlFragment: 'user0_.Age as Age2_1_, user0_.FirstName as FirstNam3_1_, user0_.LastName as LastName4_1_'
    \-[FROM] FromClause: 'from' FromClause{level=1, fromElementCounter=1, fromElements=1, fromElementByClassAlias=[generatedAlias0], fromElementByTableAlias=[user0_], fromElementsByPath=[], collectionJoinFromElementsByPath=[], impliedElements=[]}
       \-[FROM_FRAGMENT] FromElement: 'user user0_' FromElement{explicit,not a collection join,not a fetch join,fetch non-lazy properties,classAlias=generatedAlias0,role=null,tableName=user,tableAlias=user0_,origin=null,columns={,className=com.liveodds.entity.User}}

[DEBUG] 2022-10-10 15:43:48.810 [main] ErrorTracker - throwQueryException() : no errors
[DEBUG] 2022-10-10 15:43:48.821 [main] QueryTranslatorImpl - HQL: select generatedAlias0 from com.liveodds.entity.User as generatedAlias0
[DEBUG] 2022-10-10 15:43:48.821 [main] QueryTranslatorImpl - SQL: select user0_.id as id1_1_, user0_.Age as Age2_1_, user0_.FirstName as FirstNam3_1_, user0_.LastName as LastName4_1_ from user user0_
[DEBUG] 2022-10-10 15:43:48.821 [main] ErrorTracker - throwQueryException() : no errors
[DEBUG] 2022-10-10 15:43:48.840 [main] SQL - select user0_.id as id1_1_, user0_.Age as Age2_1_, user0_.FirstName as FirstNam3_1_, user0_.LastName as LastName4_1_ from user user0_
[DEBUG] 2022-10-10 15:43:48.852 [main] LogicalConnectionManagedImpl - Initiating JDBC connection release from afterTransaction
